  Config.cpp
  imgui.cpp
  imgui_demo.cpp
  imgui_draw.cpp
  imgui_impl_dx11.cpp
  imgui_impl_win32.cpp
  imgui_tables.cpp
  imgui_widgets.cpp
  Memory.cpp
C:\Users\23575\Documents\GitHub\r3nzskin\R3nzSkin\Memory.cpp(63,78): warning C4244: “+=”: 从“uintptr_t”转换到“unsigned long”，可能丢失数据
C:\Users\23575\Documents\GitHub\r3nzskin\R3nzSkin\Memory.cpp(142,20): warning C4311: “reinterpret_cast”: 从“uint8_t *”到“uint32_t”的指针截断
C:\Users\23575\Documents\GitHub\r3nzskin\R3nzSkin\Memory.cpp(142,20): warning C4302: “reinterpret_cast”: 从“uint8_t *”到“uint32_t”截断
  Hooks.cpp
C:\Users\23575\Documents\GitHub\r3nzskin\R3nzSkin\Hooks.cpp(29,23): warning C4018: “<”: 有符号/无符号不匹配
C:\Users\23575\Documents\GitHub\r3nzskin\R3nzSkin\Hooks.cpp(325,24): warning C4018: “<”: 有符号/无符号不匹配
C:\Users\23575\Documents\GitHub\r3nzskin\R3nzSkin\Hooks.cpp(347,23): warning C4018: “<”: 有符号/无符号不匹配
C:\Users\23575\Documents\GitHub\r3nzskin\R3nzSkin\Hooks.cpp(360,23): warning C4018: “<”: 有符号/无符号不匹配
C:\Users\23575\Documents\GitHub\r3nzskin\R3nzSkin\Hooks.cpp(414,89): warning C4244: “参数”: 从“LONG_PTR”转换到“LONG”，可能丢失数据
  R3nzSkin.cpp
  GUI.cpp
C:\Users\23575\Documents\GitHub\r3nzskin\R3nzSkin\GUI.cpp(34,23): warning C4018: “<”: 有符号/无符号不匹配
C:\Users\23575\Documents\GitHub\r3nzskin\R3nzSkin\GUI.cpp(96,150): warning C4267: “参数”: 从“size_t”转换到“int”，可能丢失数据
C:\Users\23575\Documents\GitHub\r3nzskin\R3nzSkin\GUI.cpp(111,113): warning C4267: “参数”: 从“size_t”转换到“int”，可能丢失数据
C:\Users\23575\Documents\GitHub\r3nzskin\R3nzSkin\GUI.cpp(118,216): warning C4267: “参数”: 从“size_t”转换到“int”，可能丢失数据
C:\Users\23575\Documents\GitHub\r3nzskin\R3nzSkin\GUI.cpp(131,27): warning C4018: “<”: 有符号/无符号不匹配
C:\Users\23575\Documents\GitHub\r3nzskin\R3nzSkin\GUI.cpp(166,113): warning C4267: “参数”: 从“size_t”转换到“int”，可能丢失数据
C:\Users\23575\Documents\GitHub\r3nzskin\R3nzSkin\GUI.cpp(177,215): warning C4267: “参数”: 从“size_t”转换到“int”，可能丢失数据
C:\Users\23575\Documents\GitHub\r3nzskin\R3nzSkin\GUI.cpp(180,225): warning C4267: “参数”: 从“size_t”转换到“int”，可能丢失数据
C:\Users\23575\Documents\GitHub\r3nzskin\R3nzSkin\GUI.cpp(182,225): warning C4267: “参数”: 从“size_t”转换到“int”，可能丢失数据
C:\Users\23575\Documents\GitHub\r3nzskin\R3nzSkin\GUI.cpp(189,93): warning C4267: “参数”: 从“size_t”转换到“int”，可能丢失数据
C:\Users\23575\Documents\GitHub\r3nzskin\R3nzSkin\GUI.cpp(226,27): warning C4018: “<”: 有符号/无符号不匹配
C:\Users\23575\Documents\GitHub\r3nzskin\R3nzSkin\GUI.cpp(233,27): warning C4018: “<”: 有符号/无符号不匹配
C:\Users\23575\Documents\GitHub\r3nzskin\R3nzSkin\GUI.cpp(245,62): warning C4244: “=”: 从“T”转换到“int32_t”，可能丢失数据
C:\Users\23575\Documents\GitHub\r3nzskin\R3nzSkin\GUI.cpp(245,62): warning C4244:         with
C:\Users\23575\Documents\GitHub\r3nzskin\R3nzSkin\GUI.cpp(245,62): warning C4244:         [
C:\Users\23575\Documents\GitHub\r3nzskin\R3nzSkin\GUI.cpp(245,62): warning C4244:             T=unsigned __int64
C:\Users\23575\Documents\GitHub\r3nzskin\R3nzSkin\GUI.cpp(245,62): warning C4244:         ]
C:\Users\23575\Documents\GitHub\r3nzskin\R3nzSkin\GUI.cpp(249,21): warning C4244: “=”: 从“T”转换到“int”，可能丢失数据
C:\Users\23575\Documents\GitHub\r3nzskin\R3nzSkin\GUI.cpp(249,21): warning C4244:         with
C:\Users\23575\Documents\GitHub\r3nzskin\R3nzSkin\GUI.cpp(249,21): warning C4244:         [
C:\Users\23575\Documents\GitHub\r3nzskin\R3nzSkin\GUI.cpp(249,21): warning C4244:             T=unsigned __int64
C:\Users\23575\Documents\GitHub\r3nzskin\R3nzSkin\GUI.cpp(249,21): warning C4244:         ]
  AIBaseCommon.cpp
  AIMinionClient.cpp
  CharacterDataStack.cpp
  SkinDatabase.cpp
  Utils.cpp
  正在生成代码
  Previous IPDB was built with incompatible compiler, fall back to full compilation.
  All 4274 functions were compiled because no usable IPDB/IOBJ from previous compilation was found.
  已完成代码的生成
  R3nzSkin.vcxproj -> C:\Users\23575\Documents\GitHub\r3nzskin\Release\ChinaServer\R3nzSkin.dll
