  Config.cpp
  GUI.cpp
  Hooks.cpp
  Memory.cpp
  R3nzSkin.cpp
  AIBaseCommon.cpp
  AIMinionClient.cpp
  CharacterDataStack.cpp
  SkinDatabase.cpp
  Utils.cpp
  imgui.cpp
  imgui_demo.cpp
  imgui_draw.cpp
  imgui_impl_dx11.cpp
  imgui_impl_win32.cpp
  imgui_tables.cpp
  imgui_widgets.cpp
  正在生成代码
  4346 of 4387 functions (99.1%) were compiled, the rest were copied from previous compilation.
    21 functions were new in current compilation
    2 functions had inline decision re-evaluated but remain unchanged
  已完成代码的生成
  R3nzSkin.vcxproj -> G:\LOL项目\ALOL盒子(更新)\X64更新文件\天盾验证demo\1217 单板换肤\R3nzSkin-main原版14.8 删除了DX9\R3nzSkin-main\Release\RiotGamesServers\R3nzSkin.dll
